2023-01-08T10:54:50.726+01:00  INFO 33716 --- [restartedMain] com.stf.DemoApplication                  : Starting DemoApplication using Java 17.0.4.1 with PID 33716 (C:\Users\tf\udemy\spring_boot_chinese\demo\target\classes started by tf in C:\Users\tf\udemy\spring_boot_chinese\demo)
2023-01-08T10:54:50.733+01:00 DEBUG 33716 --- [restartedMain] com.stf.DemoApplication                  : Running with Spring Boot v3.0.1, Spring v6.0.3
2023-01-08T10:54:50.734+01:00  INFO 33716 --- [restartedMain] com.stf.DemoApplication                  : The following 1 profile is active: "dev"
2023-01-08T10:54:50.776+01:00  INFO 33716 --- [restartedMain] .e.DevToolsPropertyDefaultsPostProcessor : Devtools property defaults active! Set 'spring.devtools.add-properties' to 'false' to disable
2023-01-08T10:54:50.776+01:00  INFO 33716 --- [restartedMain] .e.DevToolsPropertyDefaultsPostProcessor : For additional web related logging consider setting the 'logging.level.web' property to 'DEBUG'
2023-01-08T10:54:51.267+01:00  INFO 33716 --- [restartedMain] .s.d.r.c.RepositoryConfigurationDelegate : Bootstrapping Spring Data JPA repositories in DEFAULT mode.
2023-01-08T10:54:51.308+01:00  INFO 33716 --- [restartedMain] .s.d.r.c.RepositoryConfigurationDelegate : Finished Spring Data repository scanning in 35 ms. Found 1 JPA repository interfaces.
2023-01-08T10:54:51.725+01:00  INFO 33716 --- [restartedMain] o.s.b.w.embedded.tomcat.TomcatWebServer  : Tomcat initialized with port(s): 8080 (http)
2023-01-08T10:54:51.734+01:00  INFO 33716 --- [restartedMain] o.apache.catalina.core.StandardService   : Starting service [Tomcat]
2023-01-08T10:54:51.734+01:00  INFO 33716 --- [restartedMain] o.apache.catalina.core.StandardEngine    : Starting Servlet engine: [Apache Tomcat/10.1.4]
2023-01-08T10:54:51.782+01:00  INFO 33716 --- [restartedMain] o.a.c.c.C.[Tomcat].[localhost].[/]       : Initializing Spring embedded WebApplicationContext
2023-01-08T10:54:51.782+01:00  INFO 33716 --- [restartedMain] w.s.c.ServletWebServerApplicationContext : Root WebApplicationContext: initialization completed in 1005 ms
2023-01-08T10:54:51.902+01:00  INFO 33716 --- [restartedMain] o.hibernate.jpa.internal.util.LogHelper  : HHH000204: Processing PersistenceUnitInfo [name: default]
2023-01-08T10:54:51.939+01:00  INFO 33716 --- [restartedMain] org.hibernate.Version                    : HHH000412: Hibernate ORM core version 6.1.6.Final
2023-01-08T10:54:52.063+01:00  WARN 33716 --- [restartedMain] org.hibernate.orm.deprecation            : HHH90000021: Encountered deprecated setting [javax.persistence.sharedCache.mode], use [jakarta.persistence.sharedCache.mode] instead
2023-01-08T10:54:52.152+01:00  INFO 33716 --- [restartedMain] com.zaxxer.hikari.HikariDataSource       : HikariPool-1 - Starting...
2023-01-08T10:54:52.392+01:00  INFO 33716 --- [restartedMain] com.zaxxer.hikari.pool.HikariPool        : HikariPool-1 - Added connection com.mysql.cj.jdbc.ConnectionImpl@580fe02e
2023-01-08T10:54:52.394+01:00  INFO 33716 --- [restartedMain] com.zaxxer.hikari.HikariDataSource       : HikariPool-1 - Start completed.
2023-01-08T10:54:52.443+01:00  INFO 33716 --- [restartedMain] SQL dialect                              : HHH000400: Using dialect: org.hibernate.dialect.MySQLDialect
2023-01-08T10:54:53.033+01:00  INFO 33716 --- [restartedMain] o.h.e.t.j.p.i.JtaPlatformInitiator       : HHH000490: Using JtaPlatform implementation: [org.hibernate.engine.transaction.jta.platform.internal.NoJtaPlatform]
2023-01-08T10:54:53.041+01:00  INFO 33716 --- [restartedMain] j.LocalContainerEntityManagerFactoryBean : Initialized JPA EntityManagerFactory for persistence unit 'default'
2023-01-08T10:54:53.566+01:00  WARN 33716 --- [restartedMain] JpaBaseConfiguration$JpaWebConfiguration : spring.jpa.open-in-view is enabled by default. Therefore, database queries may be performed during view rendering. Explicitly configure spring.jpa.open-in-view to disable this warning
2023-01-08T10:54:53.877+01:00  INFO 33716 --- [restartedMain] o.s.b.d.a.OptionalLiveReloadServer       : LiveReload server is running on port 35729
2023-01-08T10:54:53.908+01:00  INFO 33716 --- [restartedMain] o.s.b.w.embedded.tomcat.TomcatWebServer  : Tomcat started on port(s): 8080 (http) with context path ''
2023-01-08T10:54:53.916+01:00  INFO 33716 --- [restartedMain] com.stf.DemoApplication                  : Started DemoApplication in 3.553 seconds (process running for 4.051)
2023-01-08T10:54:55.661+01:00  INFO 33716 --- [http-nio-8080-exec-1] o.a.c.c.C.[Tomcat].[localhost].[/]       : Initializing Spring DispatcherServlet 'dispatcherServlet'
2023-01-08T10:54:55.661+01:00  INFO 33716 --- [http-nio-8080-exec-1] o.s.web.servlet.DispatcherServlet        : Initializing Servlet 'dispatcherServlet'
2023-01-08T10:54:55.662+01:00  INFO 33716 --- [http-nio-8080-exec-1] o.s.web.servlet.DispatcherServlet        : Completed initialization in 1 ms
2023-01-08T10:55:16.508+01:00  INFO 33716 --- [SpringApplicationShutdownHook] j.LocalContainerEntityManagerFactoryBean : Closing JPA EntityManagerFactory for persistence unit 'default'
2023-01-08T10:55:16.511+01:00  INFO 33716 --- [SpringApplicationShutdownHook] com.zaxxer.hikari.HikariDataSource       : HikariPool-1 - Shutdown initiated...
2023-01-08T10:55:16.516+01:00  INFO 33716 --- [SpringApplicationShutdownHook] com.zaxxer.hikari.HikariDataSource       : HikariPool-1 - Shutdown completed.
